
> automaton-ui@1.0.0 dev
> vite


  VITE v4.5.14  ready in 299 ms

  ➜  Local:   http://localhost:3000/
  ➜  Network: use --host to expose
parsing /home/main/automaton/ui/tsconfig.node.json failed: Error: ENOENT: no such file or directory, open '/home/main/automaton/ui/tsconfig.node.json'
12:19:37 AM [vite] ✨ new dependencies optimized: three, three/examples/jsm/controls/OrbitControls
12:19:37 AM [vite] ✨ optimized dependencies changed. reloading
12:20:06 AM [vite] changed tsconfig file detected: /home/main/automaton/ui/tsconfig.json - Clearing cache and forcing full-reload to ensure TypeScript is compiled with updated config values.
12:20:14 AM [vite] hmr update /src/App.tsx
12:20:17 AM [vite] hmr update /src/components/Configuration/Configuration.tsx
12:20:19 AM [vite] hmr update /src/components/QuantumVisualization/QuantumVisualization.tsx
12:20:22 AM [vite] hmr update /src/components/QuantumVisualization/QuantumVisualization.tsx
12:20:25 AM [vite] hmr update /src/components/QuantumVisualization/QuantumVisualization.tsx
12:20:27 AM [vite] hmr update /src/components/QuantumVisualization/QuantumVisualization.tsx
12:20:30 AM [vite] hmr update /src/components/QuantumVisualization/QuantumVisualization.tsx
12:20:38 AM [vite] changed tsconfig file detected: /home/main/automaton/ui/tsconfig.json - Clearing cache and forcing full-reload to ensure TypeScript is compiled with updated config values.
12:20:53 AM [vite] hmr update /src/components/ControlPanel/ControlPanel.tsx
12:21:01 AM [vite] hmr update /src/components/Dashboard/Dashboard.tsx
12:21:12 AM [vite] hmr update /src/components/QuantumVisualization/CircuitBuilder.tsx
12:21:19 AM [vite] hmr update /src/components/ExecutionHistory/ExecutionHistory.tsx
12:43:44 AM [vite] vite.config.ts changed, restarting server...
12:43:44 AM [vite] server restarted.

  ➜  Local:   http://localhost:3000/
  ➜  Network: http://172.238.45.134:3000/
[postcss] /home/main/automaton/ui/src/index.css:21:5: The `stroke-dimensions-0d` class does not exist. If `stroke-dimensions-0d` is a custom class, make sure it is defined within a `@layer` directive.
12:47:29 AM [vite] warning: This case clause will never be evaluated because it duplicates an earlier case clause
40 |        case 'running':return 'status-running';
41 |        case 'idle':return 'status-stopped';
42 |        case 'idle':return 'status-idle';
   |        ^
43 |        case 'error':return 'status-stopped';
44 |        default:return 'status-idle';

  Plugin: vite:esbuild
  File: /home/main/automaton/ui/src/components/Dashboard/Dashboard.tsx
12:47:29 AM [vite] Internal server error: [postcss] /home/main/automaton/ui/src/index.css:21:5: The `stroke-dimensions-0d` class does not exist. If `stroke-dimensions-0d` is a custom class, make sure it is defined within a `@layer` directive.
  Plugin: vite:css
  File: /home/main/automaton/ui/src/index.css:21:5
  19 |    
  20 |    .self-reference-line {
  21 |      @apply stroke-dimensions-0d stroke-2 animate-pulse-slow;
     |       ^
  22 |    }
  23 |    
      at Input.error (/home/main/automaton/ui/node_modules/postcss/lib/input.js:135:16)
      at AtRule.error (/home/main/automaton/ui/node_modules/postcss/lib/node.js:146:32)
      at processApply (/home/main/automaton/ui/node_modules/tailwindcss/lib/lib/expandApplyAtRules.js:380:29)
      at /home/main/automaton/ui/node_modules/tailwindcss/lib/lib/expandApplyAtRules.js:551:9
      at /home/main/automaton/ui/node_modules/tailwindcss/lib/processTailwindFeatures.js:55:50
      at async plugins (/home/main/automaton/ui/node_modules/tailwindcss/lib/plugin.js:38:17)
      at async LazyResult.runAsync (/home/main/automaton/ui/node_modules/postcss/lib/lazy-result.js:293:11)
      at async compileCSS (file:///home/main/automaton/ui/node_modules/vite/dist/node/chunks/dep-827b23df.js:38904:25)
      at async TransformContext.transform (file:///home/main/automaton/ui/node_modules/vite/dist/node/chunks/dep-827b23df.js:38301:56)
      at async Object.transform (file:///home/main/automaton/ui/node_modules/vite/dist/node/chunks/dep-827b23df.js:44356:30)
      at async loadAndTransform (file:///home/main/automaton/ui/node_modules/vite/dist/node/chunks/dep-827b23df.js:55088:29)
      at async viteTransformMiddleware (file:///home/main/automaton/ui/node_modules/vite/dist/node/chunks/dep-827b23df.js:64699:32)
12:50:41 AM [vite] Internal server error: [postcss] /home/main/automaton/ui/src/index.css:21:5: The `stroke-dimensions-0d` class does not exist. If `stroke-dimensions-0d` is a custom class, make sure it is defined within a `@layer` directive.
  Plugin: vite:css
  File: /home/main/automaton/ui/src/index.css:21:5
  19 |    
  20 |    .self-reference-line {
  21 |      @apply stroke-dimensions-0d stroke-2 animate-pulse-slow;
     |       ^
  22 |    }
  23 |    
      at Input.error (/home/main/automaton/ui/node_modules/postcss/lib/input.js:135:16)
      at AtRule.error (/home/main/automaton/ui/node_modules/postcss/lib/node.js:146:32)
      at processApply (/home/main/automaton/ui/node_modules/tailwindcss/lib/lib/expandApplyAtRules.js:380:29)
      at /home/main/automaton/ui/node_modules/tailwindcss/lib/lib/expandApplyAtRules.js:551:9
      at /home/main/automaton/ui/node_modules/tailwindcss/lib/processTailwindFeatures.js:55:50
      at async plugins (/home/main/automaton/ui/node_modules/tailwindcss/lib/plugin.js:38:17)
      at async LazyResult.runAsync (/home/main/automaton/ui/node_modules/postcss/lib/lazy-result.js:293:11)
      at async compileCSS (file:///home/main/automaton/ui/node_modules/vite/dist/node/chunks/dep-827b23df.js:38904:25)
      at async TransformContext.transform (file:///home/main/automaton/ui/node_modules/vite/dist/node/chunks/dep-827b23df.js:38301:56)
      at async Object.transform (file:///home/main/automaton/ui/node_modules/vite/dist/node/chunks/dep-827b23df.js:44356:30)
      at async loadAndTransform (file:///home/main/automaton/ui/node_modules/vite/dist/node/chunks/dep-827b23df.js:55088:29)
      at async viteTransformMiddleware (file:///home/main/automaton/ui/node_modules/vite/dist/node/chunks/dep-827b23df.js:64699:32)

Could not open lazy-result.js in the editor.
The editor process exited with an error: spawn code ENOENT.

12:52:15 AM [vite] Internal server error: [postcss] /home/main/automaton/ui/src/index.css:21:5: The `stroke-dimensions-0d` class does not exist. If `stroke-dimensions-0d` is a custom class, make sure it is defined within a `@layer` directive.
  Plugin: vite:css
  File: /home/main/automaton/ui/src/index.css:21:5
  19 |    
  20 |    .self-reference-line {
  21 |      @apply stroke-dimensions-0d stroke-2 animate-pulse-slow;
     |       ^
  22 |    }
  23 |    
      at Input.error (/home/main/automaton/ui/node_modules/postcss/lib/input.js:135:16)
      at AtRule.error (/home/main/automaton/ui/node_modules/postcss/lib/node.js:146:32)
      at processApply (/home/main/automaton/ui/node_modules/tailwindcss/lib/lib/expandApplyAtRules.js:380:29)
      at /home/main/automaton/ui/node_modules/tailwindcss/lib/lib/expandApplyAtRules.js:551:9
      at /home/main/automaton/ui/node_modules/tailwindcss/lib/processTailwindFeatures.js:55:50
      at async plugins (/home/main/automaton/ui/node_modules/tailwindcss/lib/plugin.js:38:17)
      at async LazyResult.runAsync (/home/main/automaton/ui/node_modules/postcss/lib/lazy-result.js:293:11)
      at async compileCSS (file:///home/main/automaton/ui/node_modules/vite/dist/node/chunks/dep-827b23df.js:38904:25)
      at async TransformContext.transform (file:///home/main/automaton/ui/node_modules/vite/dist/node/chunks/dep-827b23df.js:38301:56)
      at async Object.transform (file:///home/main/automaton/ui/node_modules/vite/dist/node/chunks/dep-827b23df.js:44356:30)
      at async loadAndTransform (file:///home/main/automaton/ui/node_modules/vite/dist/node/chunks/dep-827b23df.js:55088:29)
      at async viteTransformMiddleware (file:///home/main/automaton/ui/node_modules/vite/dist/node/chunks/dep-827b23df.js:64699:32)
12:52:24 AM [vite] Internal server error: [postcss] /home/main/automaton/ui/src/index.css:21:5: The `stroke-dimensions-0d` class does not exist. If `stroke-dimensions-0d` is a custom class, make sure it is defined within a `@layer` directive.
  Plugin: vite:css
  File: /home/main/automaton/ui/src/index.css:21:5
  19 |    
  20 |    .self-reference-line {
  21 |      @apply stroke-dimensions-0d stroke-2 animate-pulse-slow;
     |       ^
  22 |    }
  23 |    
      at Input.error (/home/main/automaton/ui/node_modules/postcss/lib/input.js:135:16)
      at AtRule.error (/home/main/automaton/ui/node_modules/postcss/lib/node.js:146:32)
      at processApply (/home/main/automaton/ui/node_modules/tailwindcss/lib/lib/expandApplyAtRules.js:380:29)
      at /home/main/automaton/ui/node_modules/tailwindcss/lib/lib/expandApplyAtRules.js:551:9
      at /home/main/automaton/ui/node_modules/tailwindcss/lib/processTailwindFeatures.js:55:50
      at async plugins (/home/main/automaton/ui/node_modules/tailwindcss/lib/plugin.js:38:17)
      at async LazyResult.runAsync (/home/main/automaton/ui/node_modules/postcss/lib/lazy-result.js:293:11)
      at async compileCSS (file:///home/main/automaton/ui/node_modules/vite/dist/node/chunks/dep-827b23df.js:38904:25)
      at async TransformContext.transform (file:///home/main/automaton/ui/node_modules/vite/dist/node/chunks/dep-827b23df.js:38301:56)
      at async Object.transform (file:///home/main/automaton/ui/node_modules/vite/dist/node/chunks/dep-827b23df.js:44356:30)
      at async loadAndTransform (file:///home/main/automaton/ui/node_modules/vite/dist/node/chunks/dep-827b23df.js:55088:29)
      at async viteTransformMiddleware (file:///home/main/automaton/ui/node_modules/vite/dist/node/chunks/dep-827b23df.js:64699:32)
12:52:28 AM [vite] Internal server error: [postcss] /home/main/automaton/ui/src/index.css:21:5: The `stroke-dimensions-0d` class does not exist. If `stroke-dimensions-0d` is a custom class, make sure it is defined within a `@layer` directive.
  Plugin: vite:css
  File: /home/main/automaton/ui/src/index.css:21:5
  19 |    
  20 |    .self-reference-line {
  21 |      @apply stroke-dimensions-0d stroke-2 animate-pulse-slow;
     |       ^
  22 |    }
  23 |    
      at Input.error (/home/main/automaton/ui/node_modules/postcss/lib/input.js:135:16)
      at AtRule.error (/home/main/automaton/ui/node_modules/postcss/lib/node.js:146:32)
      at processApply (/home/main/automaton/ui/node_modules/tailwindcss/lib/lib/expandApplyAtRules.js:380:29)
      at /home/main/automaton/ui/node_modules/tailwindcss/lib/lib/expandApplyAtRules.js:551:9
      at /home/main/automaton/ui/node_modules/tailwindcss/lib/processTailwindFeatures.js:55:50
      at async plugins (/home/main/automaton/ui/node_modules/tailwindcss/lib/plugin.js:38:17)
      at async LazyResult.runAsync (/home/main/automaton/ui/node_modules/postcss/lib/lazy-result.js:293:11)
      at async compileCSS (file:///home/main/automaton/ui/node_modules/vite/dist/node/chunks/dep-827b23df.js:38904:25)
      at async TransformContext.transform (file:///home/main/automaton/ui/node_modules/vite/dist/node/chunks/dep-827b23df.js:38301:56)
      at async Object.transform (file:///home/main/automaton/ui/node_modules/vite/dist/node/chunks/dep-827b23df.js:44356:30)
      at async loadAndTransform (file:///home/main/automaton/ui/node_modules/vite/dist/node/chunks/dep-827b23df.js:55088:29)
      at async viteTransformMiddleware (file:///home/main/automaton/ui/node_modules/vite/dist/node/chunks/dep-827b23df.js:64699:32)
12:57:10 AM [vite] page reload tailwind.config.js
12:57:32 AM [vite] hmr update /src/components/SelfReferenceAnalyzer/SelfReferenceAnalyzer.tsx, /src/index.css, /src/components/AgentInterface/AgentInterface.tsx, /src/components/Configuration/Configuration.tsx, /src/components/Dashboard/Dashboard.tsx, /src/components/DimensionalCanvas/DimensionalCanvas.tsx, /src/components/ControlPanel/ControlPanel.tsx, /src/components/ExecutionHistory/ExecutionHistory.tsx
12:58:20 AM [vite] warning: This case clause will never be evaluated because it duplicates an earlier case clause
40 |        case 'running':return 'status-running';
41 |        case 'idle':return 'status-stopped';
42 |        case 'idle':return 'status-idle';
   |        ^
43 |        case 'error':return 'status-stopped';
44 |        default:return 'status-idle';

  Plugin: vite:esbuild
  File: /home/main/automaton/ui/src/components/Dashboard/Dashboard.tsx
(node:123083) [DEP0060] DeprecationWarning: The `util._extend` API is deprecated. Please use Object.assign() instead.
(Use `node --trace-deprecation ...` to show where the warning was created)
1:37:34 AM [vite] vite.config.ts changed, restarting server...
1:37:34 AM [vite] server restarted.

  ➜  Local:   http://localhost:3000/
  ➜  Network: http://172.238.45.134:3000/
  ➜  Network: http://172.18.0.1:3000/
1:38:12 AM [vite] page reload dist/index.html
